<?xml version="1.0" encoding="UTF-8"?>
<!-- Generated by org.testng.reporters.JUnitXMLReporter -->
<testsuite ignored="0" hostname="DESKTOP-TNNGI0F" failures="1" tests="1" name="ErrorvalidationTest" time="10.863" errors="0" timestamp="2022-10-20T14:57:59 IST">
  <testcase classname="MavenProject1.test.ErrorValidationTest" name="submitOrder" time="2.06">
    <failure type="java.lang.AssertionError" message="expected [Login Successfully] but found [Incorrect email or password.]">
      <![CDATA[java.lang.AssertionError: expected [Login Successfully] but found [Incorrect email or password.]
at MavenProject1.test.ErrorValidationTest.submitOrder(ErrorValidationTest.java:37)
at java.base/java.util.ArrayList.forEach(ArrayList.java:1511)
... Removed 33 stack frames]]>
    </failure>
  </testcase> <!-- submitOrder -->
</testsuite> <!-- ErrorvalidationTest -->
